#
# A fatal error has been detected by the Java Runtime Environment:
#
#  SIGSEGV (0xb) at pc=0x000000010b0351f1, pid=59921, tid=9219
#
# JRE version: Java(TM) SE Runtime Environment (7.0_55-b13) (build 1.7.0_55-b13)
# Java VM: Java HotSpot(TM) 64-Bit Server VM (24.55-b03 mixed mode bsd-amd64 compressed oops)
# Problematic frame:
# V  [libjvm.dylib+0x2351f1]
#
# Failed to write core dump. Core dumps have been disabled. To enable core dumping, try "ulimit -c unlimited" before starting Java again
#
# If you would like to submit a bug report, please visit:
#   http://bugreport.sun.com/bugreport/crash.jsp
#

---------------  T H R E A D  ---------------

Current threadId (0x00007fb5d400d000):  GCTaskThread [stack: 0x000070000021d000,0x000070000031d000] [id=9219]

siginfo:si_signo=SIGSEGV: si_errno=0, si_code=1 (SEGV_MAPERR), si_addr=0x0000000000000018

Registers:
RAX=0x000000010b5705c0, RBX=0x0000000000000000, RCX=0x0000000000000003, RDX=0x0000000000000001
RSP=0x000070000031cbd0, RBP=0x000070000031cbd0, RSI=0x00000007f457f6f8, RDI=0x0000000000000000
R8 =0x000000000000000c, R9 =0x0000000000000003, R10=0x0000000003e37501, R11=0xffffffffd1f26418
R12=0x000000010b60ad98, R13=0x00000007c74a5b09, R14=0x00007fb5d0f0ffc0, R15=0x00007fb5d0f10060
RIP=0x000000010b0351f1, EFLAGS=0x0000000000010246, ERR=0x0000000000000004
  TRAPNO=0x000000000000000e

Top of Stack: (sp=0x000070000031cbd0)
0x000070000031cbd0:   000070000031cc40 000000010b2562a5
0x000070000031cbe0:   0000a7010000a800 00000007f457f6f8
0x000070000031cbf0:   000070000031ccb0 00007fff8b10f7c2
0x000070000031cc00:   00000007c74a4280 0000000000000400
0x000070000031cc10:   00000007c70baa55 00000007c74a5b09
0x000070000031cc20:   000000010b60ad98 00000007c74a5b09
0x000070000031cc30:   00000007c74a5b08 00007fb5d0f10060
0x000070000031cc40:   000070000031cc60 000000010b2566d1
0x000070000031cc50:   00007fb5d0f0ffc0 00007fb5d0f10028
0x000070000031cc60:   000070000031ccc0 000000010b2556e1
0x000070000031cc70:   00000007b0182540 00000007b0182540
0x000070000031cc80:   00000007c74a5b09 00000007b0182540
0x000070000031cc90:   00007fb5d0f0ffc0 00000007c66e2208
0x000070000031cca0:   000000010e906711 00000007c66e2200
0x000070000031ccb0:   000000010e9067ad 0000000000000240
0x000070000031ccc0:   000070000031cd80 000000010af6c8f6
0x000070000031ccd0:   000000000000a300 0000000000000400
0x000070000031cce0:   fffffffef16f5a59 0000000000000300
0x000070000031ccf0:   000000010e90a5a5 000000010aad3300
0x000070000031cd00:   000000010e90a5a6 0000000003e33400
0x000070000031cd10:   fffffffef16f987f 0000000003e375a6
0x000070000031cd20:   000000010e9067ac 000000010e906701
0x000070000031cd30:   00000007c6eb4aa0 00000007c66f58d0
0x000070000031cd40:   00007fb5d0f05610 00007fb5d0f0ffc0
0x000070000031cd50:   00007fb5d0f05380 00007fb5d0c09110
0x000070000031cd60:   0000000000000000 000000010b375233
0x000070000031cd70:   00007fb5d0f0ffc0 0000000000000001
0x000070000031cd80:   000070000031cdb0 000000010b258bdb
0x000070000031cd90:   0000000000000008 00007fb5d0f08ba0
0x000070000031cda0:   00007fb5d400d000 00007fb5d0c09110
0x000070000031cdb0:   000070000031ce90 000000010b069aa7
0x000070000031cdc0:   000070000031cdf0 00007fb5d0f08e80 

Instructions: (pc=0x000000010b0351f1)
0x000000010b0351d1:   84 d2 48 89 fe 74 15 48 8d 05 e1 b3 53 00 8a 48
0x000000010b0351e1:   08 8b 7e 08 48 d3 e7 48 03 38 eb 04 48 8b 7e 08
0x000000010b0351f1:   8b 47 18 48 83 c7 10 85 c0 7e 09 a8 01 75 4e c1
0x000000010b035201:   f8 03 eb 47 85 c0 7f 43 85 c0 79 41 84 d2 0f 94 

Register to memory mapping:

RAX=0x000000010b5705c0: _ZN8Universe11_narrow_oopE+0 in /Library/Java/JavaVirtualMachines/jdk1.7.0_55.jdk/Contents/Home/jre/lib/server/libjvm.dylib at 0x000000010ae00000
RBX=0x0000000000000000 is an unknown value
RCX=0x0000000000000003 is an unknown value
RDX=0x0000000000000001 is an unknown value
RSP=0x000070000031cbd0 is an unknown value
RBP=0x000070000031cbd0 is an unknown value
RSI=0x00000007f457f6f8 is an unknown value
RDI=0x0000000000000000 is an unknown value
R8 =0x000000000000000c is an unknown value
R9 =0x0000000000000003 is an unknown value
R10=0x0000000003e37501 is an unknown value
R11=0xffffffffd1f26418 is an unknown value
R12=0x000000010b60ad98: _ZN2os16_processor_countE+0 in /Library/Java/JavaVirtualMachines/jdk1.7.0_55.jdk/Contents/Home/jre/lib/server/libjvm.dylib at 0x000000010ae00000
R13=0x00000007c74a5b09 is pointing into object: 0x00000007c74a5af0
java.util.LinkedList 
 - klass: 'java/util/LinkedList'
R14=0x00007fb5d0f0ffc0 is an unknown value
R15=0x00007fb5d0f10060 is an unknown value


Stack: [0x000070000021d000,0x000070000031d000],  sp=0x000070000031cbd0,  free space=1022k
Native frames: (J=compiled Java code, j=interpreted, Vv=VM code, C=native code)
V  [libjvm.dylib+0x2351f1]
V  [libjvm.dylib+0x4562a5]
V  [libjvm.dylib+0x4566d1]
V  [libjvm.dylib+0x4556e1]
V  [libjvm.dylib+0x16c8f6]
V  [libjvm.dylib+0x458bdb]
V  [libjvm.dylib+0x269aa7]
V  [libjvm.dylib+0x41b14e]
C  [libsystem_pthread.dylib+0x39b1]  _pthread_body+0x83
C  [libsystem_pthread.dylib+0x392e]  _pthread_body+0x0
C  [libsystem_pthread.dylib+0x1385]  thread_start+0xd


---------------  P R O C E S S  ---------------

Java Threads: ( => current threadId )
  0x00007fb5d71a5800 JavaThread "Stdin handler" [_thread_blocked, id=24103, stack(0x00007000017df000,0x00007000018df000)]
  0x00007fb5d5066000 JavaThread "Daemon worker Thread 7" [_thread_blocked, id=23079, stack(0x00007000016dc000,0x00007000017dc000)]
  0x00007fb5d6189000 JavaThread "Cancel handler" [_thread_blocked, id=25135, stack(0x00007000015d9000,0x00007000016d9000)]
  0x00007fb5d68ab800 JavaThread "Handler for socket connection from /127.0.0.1:61381 to /127.0.0.1:64092" [_thread_in_native, id=15647, stack(0x00007000014d6000,0x00007000015d6000)]
  0x00007fb5d4857800 JavaThread "Daemon Thread 7" [_thread_blocked, id=21531, stack(0x00007000013d3000,0x00007000014d3000)]
  0x00007fb5d4464800 JavaThread "File lock request listener" [_thread_in_native, id=24579, stack(0x000070000190d000,0x0000700001a0d000)]
  0x00007fb5d4ae5800 JavaThread "Incoming local TCP Connector on port 61381" [_thread_in_native, id=20995, stack(0x00007000012d0000,0x00007000013d0000)]
  0x00007fb5d4821800 JavaThread "Service Thread" daemon [_thread_blocked, id=19971, stack(0x00007000010ca000,0x00007000011ca000)]
  0x00007fb5d181a000 JavaThread "C2 CompilerThread1" daemon [_thread_blocked, id=19459, stack(0x0000700000fc7000,0x00007000010c7000)]
  0x00007fb5d4821000 JavaThread "C2 CompilerThread0" daemon [_thread_blocked, id=18947, stack(0x0000700000ec4000,0x0000700000fc4000)]
  0x00007fb5d4820000 JavaThread "Signal Dispatcher" daemon [_thread_blocked, id=15887, stack(0x0000700000dc1000,0x0000700000ec1000)]
  0x00007fb5d480a000 JavaThread "Finalizer" daemon [_thread_blocked, id=14339, stack(0x0000700000c3b000,0x0000700000d3b000)]
  0x00007fb5d1036000 JavaThread "Reference Handler" daemon [_thread_blocked, id=13827, stack(0x0000700000b38000,0x0000700000c38000)]
  0x00007fb5d4000000 JavaThread "main" [_thread_blocked, id=5891, stack(0x000070000011a000,0x000070000021a000)]

Other Threads:
  0x00007fb5d401b000 VMThread [stack: 0x0000700000a35000,0x0000700000b35000] [id=13315]
  0x00007fb5d1822800 WatcherThread [stack: 0x00007000011cd000,0x00007000012cd000] [id=20483]

=>0x00007fb5d400d000 (exited) GCTaskThread [stack: 0x000070000021d000,0x000070000031d000] [id=9219]

VM state:at safepoint (normal execution)

VM Mutex/Monitor currently owned by a threadId:  ([mutex/lock_event])
[0x00007fb5d0c021c0] Threads_lock - owner threadId: 0x00007fb5d401b000
[0x00007fb5d0c026c0] Heap_lock - owner threadId: 0x00007fb5d5066000

Heap
 PSYoungGen      total 178688K, used 178205K [0x00000007eaa80000, 0x00000007f7680000, 0x0000000800000000)
  eden space 164864K, 100% used [0x00000007eaa80000,0x00000007f4b80000,0x00000007f4b80000)
  from space 13824K, 96% used [0x00000007f5200000,0x00000007f5f077f0,0x00000007f5f80000)
  to   space 22016K, 9% used [0x00000007f6100000,0x00000007f631f7a8,0x00000007f7680000)
 ParOldGen       total 144896K, used 125516K [0x00000007c0000000, 0x00000007c8d80000, 0x00000007eaa80000)
  object space 144896K, 86% used [0x00000007c0000000,0x00000007c7a932f0,0x00000007c8d80000)
 PSPermGen       total 101376K, used 58385K [0x00000007b0000000, 0x00000007b6300000, 0x00000007c0000000)
  object space 101376K, 57% used [0x00000007b0000000,0x00000007b3904768,0x00000007b6300000)

Card table byte_map: [0x000000010e853000,0x000000010ead4000] byte_map_base: 0x000000010aad3000

Polling page: 0x0000000109c7f000

Code Cache  [0x000000010b853000, 0x000000010c183000, 0x000000010e853000)
 total_blobs=3089 nmethods=2432 adapters=610 free_code_cache=39858Kb largest_free_block=40701248

Compilation events (10 events):
Event: 4155.903 Thread 0x00007fb5d4821000 2657             org.codehaus.groovy.ast.DynamicVariable::getName (5 bytes)
Event: 4155.904 Thread 0x00007fb5d4821000 nmethod 2657 0x000000010c16e150 code [0x000000010c16e280, 0x000000010c16e2f8]
Event: 4156.520 Thread 0x00007fb5d181a000 2658             org.codehaus.groovy.ast.expr.TupleExpression::getExpressions (5 bytes)
Event: 4156.520 Thread 0x00007fb5d181a000 nmethod 2658 0x000000010c17cbd0 code [0x000000010c17cd00, 0x000000010c17cd78]
Event: 4156.522 Thread 0x00007fb5d4821000 2659             org.codehaus.groovy.ast.expr.Expression::<init> (12 bytes)
Event: 4156.524 Thread 0x00007fb5d4821000 nmethod 2659 0x000000010c0979d0 code [0x000000010c097b00, 0x000000010c097bb8]
Event: 4156.530 Thread 0x00007fb5d181a000 2660             groovyjarjarasm.asm.MethodWriter::visitVarInsn (292 bytes)
Event: 4156.546 Thread 0x00007fb5d181a000 nmethod 2660 0x000000010c180650 code [0x000000010c180820, 0x000000010c180ea0]
Event: 4156.636 Thread 0x00007fb5d4821000 2661             org.gradle.api.internal.project.taskfactory.InputFilePropertyAnnotationHandler::getAnnotationType (4 bytes)
Event: 4156.636 Thread 0x00007fb5d4821000 nmethod 2661 0x000000010c0977d0 code [0x000000010c097900, 0x000000010c097978]

GC Heap History (10 events):
Event: 3552.714 GC heap after
Heap after GC invocations=33 (full 5):
 PSYoungGen      total 208896K, used 3917K [0x00000007eaa80000, 0x00000007f8d80000, 0x0000000800000000)
  eden space 186368K, 0% used [0x00000007eaa80000,0x00000007eaa80000,0x00000007f6080000)
  from space 22528K, 17% used [0x00000007f7780000,0x00000007f7b53730,0x00000007f8d80000)
  to   space 23040K, 0% used [0x00000007f6080000,0x00000007f6080000,0x00000007f7700000)
 ParOldGen       total 144896K, used 104054K [0x00000007c0000000, 0x00000007c8d80000, 0x00000007eaa80000)
  object space 144896K, 71% used [0x00000007c0000000,0x00000007c659d810,0x00000007c8d80000)
 PSPermGen       total 104960K, used 57676K [0x00000007b0000000, 0x00000007b6680000, 0x00000007c0000000)
  object space 104960K, 54% used [0x00000007b0000000,0x00000007b38530e0,0x00000007b6680000)
}
Event: 3552.714 GC heap before
{Heap before GC invocations=34 (full 6):
 PSYoungGen      total 208896K, used 3917K [0x00000007eaa80000, 0x00000007f8d80000, 0x0000000800000000)
  eden space 186368K, 0% used [0x00000007eaa80000,0x00000007eaa80000,0x00000007f6080000)
  from space 22528K, 17% used [0x00000007f7780000,0x00000007f7b53730,0x00000007f8d80000)
  to   space 23040K, 0% used [0x00000007f6080000,0x00000007f6080000,0x00000007f7700000)
 ParOldGen       total 144896K, used 104054K [0x00000007c0000000, 0x00000007c8d80000, 0x00000007eaa80000)
  object space 144896K, 71% used [0x00000007c0000000,0x00000007c659d810,0x00000007c8d80000)
 PSPermGen       total 104960K, used 57676K [0x00000007b0000000, 0x00000007b6680000, 0x00000007c0000000)
  object space 104960K, 54% used [0x00000007b0000000,0x00000007b38530e0,0x00000007b6680000)
Event: 3553.645 GC heap after
Heap after GC invocations=34 (full 6):
 PSYoungGen      total 208896K, used 0K [0x00000007eaa80000, 0x00000007f8d80000, 0x0000000800000000)
  eden space 186368K, 0% used [0x00000007eaa80000,0x00000007eaa80000,0x00000007f6080000)
  from space 22528K, 0% used [0x00000007f7780000,0x00000007f7780000,0x00000007f8d80000)
  to   space 23040K, 0% used [0x00000007f6080000,0x00000007f6080000,0x00000007f7700000)
 ParOldGen       total 144896K, used 101908K [0x00000007c0000000, 0x00000007c8d80000, 0x00000007eaa80000)
  object space 144896K, 70% used [0x00000007c0000000,0x00000007c63853e0,0x00000007c8d80000)
 PSPermGen       total 101376K, used 57447K [0x00000007b0000000, 0x00000007b6300000, 0x00000007c0000000)
  object space 101376K, 56% used [0x00000007b0000000,0x00000007b3819ed8,0x00000007b6300000)
}
Event: 3620.153 GC heap before
{Heap before GC invocations=35 (full 6):
 PSYoungGen      total 208896K, used 186368K [0x00000007eaa80000, 0x00000007f8d80000, 0x0000000800000000)
  eden space 186368K, 100% used [0x00000007eaa80000,0x00000007f6080000,0x00000007f6080000)
  from space 22528K, 0% used [0x00000007f7780000,0x00000007f7780000,0x00000007f8d80000)
  to   space 23040K, 0% used [0x00000007f6080000,0x00000007f6080000,0x00000007f7700000)
 ParOldGen       total 144896K, used 101908K [0x00000007c0000000, 0x00000007c8d80000, 0x00000007eaa80000)
  object space 144896K, 70% used [0x00000007c0000000,0x00000007c63853e0,0x00000007c8d80000)
 PSPermGen       total 101376K, used 57640K [0x00000007b0000000, 0x00000007b6300000, 0x00000007c0000000)
  object space 101376K, 56% used [0x00000007b0000000,0x00000007b384a3e8,0x00000007b6300000)
Event: 3620.163 GC heap after
Heap after GC invocations=35 (full 6):
 PSYoungGen      total 188416K, used 9458K [0x00000007eaa80000, 0x00000007f8400000, 0x0000000800000000)
  eden space 178688K, 0% used [0x00000007eaa80000,0x00000007eaa80000,0x00000007f5900000)
  from space 9728K, 97% used [0x00000007f6080000,0x00000007f69bcb40,0x00000007f6a00000)
  to   space 22016K, 0% used [0x00000007f6e80000,0x00000007f6e80000,0x00000007f8400000)
 ParOldGen       total 144896K, used 101908K [0x00000007c0000000, 0x00000007c8d80000, 0x00000007eaa80000)
  object space 144896K, 70% used [0x00000007c0000000,0x00000007c63853e0,0x00000007c8d80000)
 PSPermGen       total 101376K, used 57640K [0x00000007b0000000, 0x00000007b6300000, 0x00000007c0000000)
  object space 101376K, 56% used [0x00000007b0000000,0x00000007b384a3e8,0x00000007b6300000)
}
Event: 3621.355 GC heap before
{Heap before GC invocations=36 (full 6):
 PSYoungGen      total 188416K, used 188146K [0x00000007eaa80000, 0x00000007f8400000, 0x0000000800000000)
  eden space 178688K, 100% used [0x00000007eaa80000,0x00000007f5900000,0x00000007f5900000)
  from space 9728K, 97% used [0x00000007f6080000,0x00000007f69bcb40,0x00000007f6a00000)
  to   space 22016K, 0% used [0x00000007f6e80000,0x00000007f6e80000,0x00000007f8400000)
 ParOldGen       total 144896K, used 101908K [0x00000007c0000000, 0x00000007c8d80000, 0x00000007eaa80000)
  object space 144896K, 70% used [0x00000007c0000000,0x00000007c63853e0,0x00000007c8d80000)
 PSPermGen       total 101376K, used 57806K [0x00000007b0000000, 0x00000007b6300000, 0x00000007c0000000)
  object space 101376K, 57% used [0x00000007b0000000,0x00000007b3873888,0x00000007b6300000)
Event: 3621.362 GC heap after
Heap after GC invocations=36 (full 6):
 PSYoungGen      total 185344K, used 3297K [0x00000007eaa80000, 0x00000007f7c00000, 0x0000000800000000)
  eden space 171520K, 0% used [0x00000007eaa80000,0x00000007eaa80000,0x00000007f5200000)
  from space 13824K, 23% used [0x00000007f6e80000,0x00000007f71b8460,0x00000007f7c00000)
  to   space 21504K, 0% used [0x00000007f5200000,0x00000007f5200000,0x00000007f6700000)
 ParOldGen       total 144896K, used 110374K [0x00000007c0000000, 0x00000007c8d80000, 0x00000007eaa80000)
  object space 144896K, 76% used [0x00000007c0000000,0x00000007c6bc9938,0x00000007c8d80000)
 PSPermGen       total 101376K, used 57806K [0x00000007b0000000, 0x00000007b6300000, 0x00000007c0000000)
  object space 101376K, 57% used [0x00000007b0000000,0x00000007b3873888,0x00000007b6300000)
}
Event: 4154.339 GC heap before
{Heap before GC invocations=37 (full 6):
 PSYoungGen      total 185344K, used 174817K [0x00000007eaa80000, 0x00000007f7c00000, 0x0000000800000000)
  eden space 171520K, 100% used [0x00000007eaa80000,0x00000007f5200000,0x00000007f5200000)
  from space 13824K, 23% used [0x00000007f6e80000,0x00000007f71b8460,0x00000007f7c00000)
  to   space 21504K, 0% used [0x00000007f5200000,0x00000007f5200000,0x00000007f6700000)
 ParOldGen       total 144896K, used 110374K [0x00000007c0000000, 0x00000007c8d80000, 0x00000007eaa80000)
  object space 144896K, 76% used [0x00000007c0000000,0x00000007c6bc9938,0x00000007c8d80000)
 PSPermGen       total 101376K, used 58155K [0x00000007b0000000, 0x00000007b6300000, 0x00000007c0000000)
  object space 101376K, 57% used [0x00000007b0000000,0x00000007b38cae80,0x00000007b6300000)
Event: 4154.688 GC heap after
Heap after GC invocations=37 (full 6):
 PSYoungGen      total 178688K, used 13341K [0x00000007eaa80000, 0x00000007f7680000, 0x0000000800000000)
  eden space 164864K, 0% used [0x00000007eaa80000,0x00000007eaa80000,0x00000007f4b80000)
  from space 13824K, 96% used [0x00000007f5200000,0x00000007f5f077f0,0x00000007f5f80000)
  to   space 22016K, 0% used [0x00000007f6100000,0x00000007f6100000,0x00000007f7680000)
 ParOldGen       total 144896K, used 113362K [0x00000007c0000000, 0x00000007c8d80000, 0x00000007eaa80000)
  object space 144896K, 78% used [0x00000007c0000000,0x00000007c6eb4aa0,0x00000007c8d80000)
 PSPermGen       total 101376K, used 58155K [0x00000007b0000000, 0x00000007b6300000, 0x00000007c0000000)
  object space 101376K, 57% used [0x00000007b0000000,0x00000007b38cae80,0x00000007b6300000)
}
Event: 4156.935 GC heap before
{Heap before GC invocations=38 (full 6):
 PSYoungGen      total 178688K, used 178205K [0x00000007eaa80000, 0x00000007f7680000, 0x0000000800000000)
  eden space 164864K, 100% used [0x00000007eaa80000,0x00000007f4b80000,0x00000007f4b80000)
  from space 13824K, 96% used [0x00000007f5200000,0x00000007f5f077f0,0x00000007f5f80000)
  to   space 22016K, 0% used [0x00000007f6100000,0x00000007f6100000,0x00000007f7680000)
 ParOldGen       total 144896K, used 113362K [0x00000007c0000000, 0x00000007c8d80000, 0x00000007eaa80000)
  object space 144896K, 78% used [0x00000007c0000000,0x00000007c6eb4aa0,0x00000007c8d80000)
 PSPermGen       total 101376K, used 58385K [0x00000007b0000000, 0x00000007b6300000, 0x00000007c0000000)
  object space 101376K, 57% used [0x00000007b0000000,0x00000007b3904768,0x00000007b6300000)

Deoptimization events (10 events):
Event: 3454.665 Thread 0x00007fb5d61e0800 Uncommon trap: reason=unreached action=reinterpret pc=0x000000010bc79884 method=org.gradle.messaging.remote.internal.Message$ExceptionReplacingObjectOutputStream.replaceObject(Ljava/lang/Object;)Ljava/lang/Object; @ 4
Event: 3473.997 Thread 0x00007fb5d6143800 Uncommon trap: reason=array_check action=maybe_recompile pc=0x000000010bfeb32c method=java.util.TimSort.reverseRange([Ljava/lang/Object;II)V @ 20
Event: 3474.049 Thread 0x00007fb5d6143800 Uncommon trap: reason=array_check action=maybe_recompile pc=0x000000010bfeb32c method=java.util.TimSort.reverseRange([Ljava/lang/Object;II)V @ 20
Event: 3475.870 Thread 0x00007fb5d6143800 Uncommon trap: reason=array_check action=maybe_recompile pc=0x000000010bfeb32c method=java.util.TimSort.reverseRange([Ljava/lang/Object;II)V @ 20
Event: 3475.878 Thread 0x00007fb5d6143800 Uncommon trap: reason=array_check action=maybe_recompile pc=0x000000010bfeb32c method=java.util.TimSort.reverseRange([Ljava/lang/Object;II)V @ 20
Event: 3550.856 Thread 0x00007fb5d76d2800 Uncommon trap: reason=null_check action=make_not_entrant pc=0x000000010c0cdee4 method=groovyjarjarantlr.CharScanner.testLiteralsTable(I)I @ 32
Event: 3551.264 Thread 0x00007fb5d76d2800 Uncommon trap: reason=null_check action=make_not_entrant pc=0x000000010be12274 method=java.lang.ThreadLocal$ThreadLocalMap.getEntryAfterMiss(Ljava/lang/ThreadLocal;ILjava/lang/ThreadLocal$ThreadLocalMap$Entry;)Ljava/lang/ThreadLocal$ThreadLocalMap$Entry; 
Event: 3552.260 Thread 0x00007fb5d76d2800 Uncommon trap: reason=array_check action=maybe_recompile pc=0x000000010c0976cc method=java.util.TimSort.reverseRange([Ljava/lang/Object;II)V @ 27
Event: 3552.267 Thread 0x00007fb5d76d2800 Uncommon trap: reason=array_check action=maybe_recompile pc=0x000000010c0976cc method=java.util.TimSort.reverseRange([Ljava/lang/Object;II)V @ 27
Event: 3552.642 Thread 0x00007fb5d76d2800 Uncommon trap: reason=null_check action=make_not_entrant pc=0x000000010c0fdd70 method=org.gradle.api.internal.artifacts.dependencies.DefaultSelfResolvingDependency_Decorated.getGroup()Ljava/lang/String; @ 21

Internal exceptions (10 events):
Event: 4156.651 Thread 0x00007fb5d5066000 Threw 0x00000007f4056c58 at /HUDSON/workspace/7u-2-build-macosx-x86_64/jdk7u55/869/hotspot/src/share/vm/prims/jvm.cpp:1244
Event: 4156.651 Thread 0x00007fb5d5066000 Threw 0x00000007f405e948 at /HUDSON/workspace/7u-2-build-macosx-x86_64/jdk7u55/869/hotspot/src/share/vm/prims/jvm.cpp:1244
Event: 4156.652 Thread 0x00007fb5d5066000 Threw 0x00000007f4065708 at /HUDSON/workspace/7u-2-build-macosx-x86_64/jdk7u55/869/hotspot/src/share/vm/prims/jvm.cpp:1244
Event: 4156.653 Thread 0x00007fb5d5066000 Threw 0x00000007f406abb0 at /HUDSON/workspace/7u-2-build-macosx-x86_64/jdk7u55/869/hotspot/src/share/vm/prims/jvm.cpp:1244
Event: 4156.653 Thread 0x00007fb5d5066000 Threw 0x00000007f406bc40 at /HUDSON/workspace/7u-2-build-macosx-x86_64/jdk7u55/869/hotspot/src/share/vm/prims/jvm.cpp:1244
Event: 4156.653 Thread 0x00007fb5d5066000 Threw 0x00000007f4074288 at /HUDSON/workspace/7u-2-build-macosx-x86_64/jdk7u55/869/hotspot/src/share/vm/prims/jvm.cpp:1244
Event: 4156.657 Thread 0x00007fb5d5066000 Threw 0x00000007f4098270 at /HUDSON/workspace/7u-2-build-macosx-x86_64/jdk7u55/869/hotspot/src/share/vm/prims/jvm.cpp:1244
Event: 4156.658 Thread 0x00007fb5d5066000 Threw 0x00000007f409bf28 at /HUDSON/workspace/7u-2-build-macosx-x86_64/jdk7u55/869/hotspot/src/share/vm/prims/jvm.cpp:1244
Event: 4156.658 Thread 0x00007fb5d5066000 Threw 0x00000007f409cba0 at /HUDSON/workspace/7u-2-build-macosx-x86_64/jdk7u55/869/hotspot/src/share/vm/prims/jvm.cpp:1244
Event: 4156.659 Thread 0x00007fb5d5066000 Threw 0x00000007f40a3c88 at /HUDSON/workspace/7u-2-build-macosx-x86_64/jdk7u55/869/hotspot/src/share/vm/prims/jvm.cpp:1244

Events (10 events):
Event: 4156.646 loading class 0x00007fb5d7914160 done
Event: 4156.649 loading class 0x00007fb5d79139f0
Event: 4156.649 loading class 0x00007fb5d79139f0 done
Event: 4156.651 loading class 0x00007fb5d7913e70
Event: 4156.651 loading class 0x00007fb5d7913e70 done
Event: 4156.653 loading class 0x00007fb5d7901590
Event: 4156.653 loading class 0x00007fb5d7901590 done
Event: 4156.658 loading class 0x00007fb5d79017c0
Event: 4156.658 loading class 0x00007fb5d79017c0 done
Event: 4156.935 Executing VM operation: ParallelGCFailedAllocation


Dynamic libraries:
0x000000000213f000 	/System/Library/Frameworks/Cocoa.framework/Versions/A/Cocoa
0x000000000213f000 	/System/Library/Frameworks/Security.framework/Versions/A/Security
0x000000000213f000 	/System/Library/Frameworks/ApplicationServices.framework/Versions/A/ApplicationServices
0x000000000213f000 	/usr/lib/libz.1.dylib
0x000000000213f000 	/usr/lib/libSystem.B.dylib
0x000000000213f000 	/usr/lib/libobjc.A.dylib
0x000000000213f000 	/System/Library/Frameworks/CoreFoundation.framework/Versions/A/CoreFoundation
0x000000000213f000 	/System/Library/Frameworks/Foundation.framework/Versions/C/Foundation
0x000000000213f000 	/System/Library/Frameworks/AppKit.framework/Versions/C/AppKit
0x000000000213f000 	/System/Library/Frameworks/CoreData.framework/Versions/A/CoreData
0x000000000213f000 	/System/Library/PrivateFrameworks/RemoteViewServices.framework/Versions/A/RemoteViewServices
0x000000000213f000 	/System/Library/PrivateFrameworks/UIFoundation.framework/Versions/A/UIFoundation
0x000000000213f000 	/usr/lib/libScreenReader.dylib
0x000000000213f000 	/System/Library/Frameworks/Accelerate.framework/Versions/A/Accelerate
0x000000000213f000 	/System/Library/Frameworks/IOSurface.framework/Versions/A/IOSurface
0x000000000213f000 	/System/Library/Frameworks/AudioToolbox.framework/Versions/A/AudioToolbox
0x000000000213f000 	/System/Library/Frameworks/AudioUnit.framework/Versions/A/AudioUnit
0x000000000213f000 	/System/Library/PrivateFrameworks/DataDetectorsCore.framework/Versions/A/DataDetectorsCore
0x000000000213f000 	/System/Library/PrivateFrameworks/DesktopServicesPriv.framework/Versions/A/DesktopServicesPriv
0x000000000213f000 	/System/Library/Frameworks/Carbon.framework/Versions/A/Frameworks/HIToolbox.framework/Versions/A/HIToolbox
0x000000000213f000 	/System/Library/Frameworks/QuartzCore.framework/Versions/A/QuartzCore
0x000000000213f000 	/System/Library/Frameworks/Carbon.framework/Versions/A/Frameworks/SpeechRecognition.framework/Versions/A/SpeechRecognition
0x000000000213f000 	/usr/lib/libauto.dylib
0x000000000213f000 	/usr/lib/libicucore.A.dylib
0x000000000213f000 	/usr/lib/libxml2.2.dylib
0x000000000213f000 	/System/Library/PrivateFrameworks/CoreUI.framework/Versions/A/CoreUI
0x000000000213f000 	/System/Library/Frameworks/CoreAudio.framework/Versions/A/CoreAudio
0x000000000213f000 	/System/Library/Frameworks/DiskArbitration.framework/Versions/A/DiskArbitration
0x000000000213f000 	/usr/lib/liblangid.dylib
0x000000000213f000 	/System/Library/PrivateFrameworks/MultitouchSupport.framework/Versions/A/MultitouchSupport
0x000000000213f000 	/System/Library/Frameworks/IOKit.framework/Versions/A/IOKit
0x000000000213f000 	/usr/lib/libDiagnosticMessagesClient.dylib
0x000000000213f000 	/System/Library/Frameworks/CoreServices.framework/Versions/A/CoreServices
0x000000000213f000 	/System/Library/PrivateFrameworks/PerformanceAnalysis.framework/Versions/A/PerformanceAnalysis
0x000000000213f000 	/System/Library/PrivateFrameworks/GenerationalStorage.framework/Versions/A/GenerationalStorage
0x000000000213f000 	/System/Library/Frameworks/OpenGL.framework/Versions/A/OpenGL
0x000000000213f000 	/System/Library/PrivateFrameworks/Sharing.framework/Versions/A/Sharing
0x000000000213f000 	/System/Library/Frameworks/CoreGraphics.framework/Versions/A/CoreGraphics
0x000000000213f000 	/System/Library/Frameworks/CoreImage.framework/Versions/A/CoreImage
0x000000000213f000 	/System/Library/Frameworks/CoreText.framework/Versions/A/CoreText
0x000000000213f000 	/System/Library/Frameworks/ImageIO.framework/Versions/A/ImageIO
0x000000000213f000 	/System/Library/PrivateFrameworks/Backup.framework/Versions/A/Backup
0x000000000213f000 	/usr/lib/libextension.dylib
0x000000000213f000 	/usr/lib/libarchive.2.dylib
0x000000000213f000 	/System/Library/Frameworks/CFNetwork.framework/Versions/A/CFNetwork
0x000000000213f000 	/System/Library/Frameworks/SystemConfiguration.framework/Versions/A/SystemConfiguration
0x000000000213f000 	/usr/lib/libCRFSuite.dylib
0x000000000213f000 	/usr/lib/libc++.1.dylib
0x000000000213f000 	/usr/lib/libc++abi.dylib
0x000000000213f000 	/usr/lib/system/libcache.dylib
0x000000000213f000 	/usr/lib/system/libcommonCrypto.dylib
0x000000000213f000 	/usr/lib/system/libcompiler_rt.dylib
0x000000000213f000 	/usr/lib/system/libcopyfile.dylib
0x000000000213f000 	/usr/lib/system/libcorecrypto.dylib
0x000000000213f000 	/usr/lib/system/libdispatch.dylib
0x000000000213f000 	/usr/lib/system/libdyld.dylib
0x000000000213f000 	/usr/lib/system/libkeymgr.dylib
0x000000000213f000 	/usr/lib/system/liblaunch.dylib
0x000000000213f000 	/usr/lib/system/libmacho.dylib
0x000000000213f000 	/usr/lib/system/libquarantine.dylib
0x000000000213f000 	/usr/lib/system/libremovefile.dylib
0x000000000213f000 	/usr/lib/system/libsystem_asl.dylib
0x000000000213f000 	/usr/lib/system/libsystem_blocks.dylib
0x000000000213f000 	/usr/lib/system/libsystem_c.dylib
0x000000000213f000 	/usr/lib/system/libsystem_configuration.dylib
0x000000000213f000 	/usr/lib/system/libsystem_coreservices.dylib
0x000000000213f000 	/usr/lib/system/libsystem_coretls.dylib
0x000000000213f000 	/usr/lib/system/libsystem_dnssd.dylib
0x000000000213f000 	/usr/lib/system/libsystem_info.dylib
0x000000000213f000 	/usr/lib/system/libsystem_kernel.dylib
0x000000000213f000 	/usr/lib/system/libsystem_m.dylib
0x000000000213f000 	/usr/lib/system/libsystem_malloc.dylib
0x000000000213f000 	/usr/lib/system/libsystem_network.dylib
0x000000000213f000 	/usr/lib/system/libsystem_networkextension.dylib
0x000000000213f000 	/usr/lib/system/libsystem_notify.dylib
0x000000000213f000 	/usr/lib/system/libsystem_platform.dylib
0x000000000213f000 	/usr/lib/system/libsystem_pthread.dylib
0x000000000213f000 	/usr/lib/system/libsystem_sandbox.dylib
0x000000000213f000 	/usr/lib/system/libsystem_secinit.dylib
0x000000000213f000 	/usr/lib/system/libsystem_trace.dylib
0x000000000213f000 	/usr/lib/system/libunc.dylib
0x000000000213f000 	/usr/lib/system/libunwind.dylib
0x000000000213f000 	/usr/lib/system/libxpc.dylib
0x000000000213f000 	/usr/lib/libenergytrace.dylib
0x000000000213f000 	/usr/lib/libbsm.0.dylib
0x000000000213f000 	/usr/lib/system/libkxld.dylib
0x000000000213f000 	/usr/lib/libxar.1.dylib
0x000000000213f000 	/usr/lib/libsqlite3.dylib
0x000000000213f000 	/usr/lib/libpam.2.dylib
0x000000000213f000 	/usr/lib/libOpenScriptingUtil.dylib
0x000000000213f000 	/usr/lib/libbz2.1.0.dylib
0x000000000213f000 	/usr/lib/liblzma.5.dylib
0x000000000213f000 	/System/Library/Frameworks/CoreServices.framework/Versions/A/Frameworks/FSEvents.framework/Versions/A/FSEvents
0x000000000213f000 	/System/Library/Frameworks/CoreServices.framework/Versions/A/Frameworks/CarbonCore.framework/Versions/A/CarbonCore
0x000000000213f000 	/System/Library/Frameworks/CoreServices.framework/Versions/A/Frameworks/Metadata.framework/Versions/A/Metadata
0x000000000213f000 	/System/Library/Frameworks/CoreServices.framework/Versions/A/Frameworks/OSServices.framework/Versions/A/OSServices
0x000000000213f000 	/System/Library/Frameworks/CoreServices.framework/Versions/A/Frameworks/SearchKit.framework/Versions/A/SearchKit
0x000000000213f000 	/System/Library/Frameworks/CoreServices.framework/Versions/A/Frameworks/AE.framework/Versions/A/AE
0x000000000213f000 	/System/Library/Frameworks/CoreServices.framework/Versions/A/Frameworks/LaunchServices.framework/Versions/A/LaunchServices
0x000000000213f000 	/System/Library/Frameworks/CoreServices.framework/Versions/A/Frameworks/DictionaryServices.framework/Versions/A/DictionaryServices
0x000000000213f000 	/System/Library/Frameworks/CoreServices.framework/Versions/A/Frameworks/SharedFileList.framework/Versions/A/SharedFileList
0x000000000213f000 	/System/Library/Frameworks/NetFS.framework/Versions/A/NetFS
0x000000000213f000 	/System/Library/PrivateFrameworks/NetAuth.framework/Versions/A/NetAuth
0x000000000213f000 	/System/Library/PrivateFrameworks/login.framework/Versions/A/Frameworks/loginsupport.framework/Versions/A/loginsupport
0x000000000213f000 	/System/Library/PrivateFrameworks/TCC.framework/Versions/A/TCC
0x000000000213f000 	/usr/lib/libmecabra.dylib
0x000000000213f000 	/System/Library/Frameworks/ApplicationServices.framework/Versions/A/Frameworks/ATS.framework/Versions/A/ATS
0x000000000213f000 	/System/Library/Frameworks/ApplicationServices.framework/Versions/A/Frameworks/ColorSync.framework/Versions/A/ColorSync
0x000000000213f000 	/System/Library/Frameworks/ApplicationServices.framework/Versions/A/Frameworks/HIServices.framework/Versions/A/HIServices
0x000000000213f000 	/System/Library/Frameworks/ApplicationServices.framework/Versions/A/Frameworks/LangAnalysis.framework/Versions/A/LangAnalysis
0x000000000213f000 	/System/Library/Frameworks/ApplicationServices.framework/Versions/A/Frameworks/PrintCore.framework/Versions/A/PrintCore
0x000000000213f000 	/System/Library/Frameworks/ApplicationServices.framework/Versions/A/Frameworks/QD.framework/Versions/A/QD
0x000000000213f000 	/System/Library/Frameworks/ApplicationServices.framework/Versions/A/Frameworks/SpeechSynthesis.framework/Versions/A/SpeechSynthesis
0x000000000213f000 	/System/Library/Frameworks/Metal.framework/Versions/A/Metal
0x000000000213f000 	/System/Library/Frameworks/Accelerate.framework/Versions/A/Frameworks/vImage.framework/Versions/A/vImage
0x000000000213f000 	/System/Library/Frameworks/Accelerate.framework/Versions/A/Frameworks/vecLib.framework/Versions/A/vecLib
0x000000000213f000 	/System/Library/Frameworks/Accelerate.framework/Versions/A/Frameworks/vecLib.framework/Versions/A/libvDSP.dylib
0x000000000213f000 	/System/Library/Frameworks/Accelerate.framework/Versions/A/Frameworks/vecLib.framework/Versions/A/libvMisc.dylib
0x000000000213f000 	/System/Library/Frameworks/Accelerate.framework/Versions/A/Frameworks/vecLib.framework/Versions/A/libLAPACK.dylib
0x000000000213f000 	/System/Library/Frameworks/Accelerate.framework/Versions/A/Frameworks/vecLib.framework/Versions/A/libBLAS.dylib
0x000000000213f000 	/System/Library/Frameworks/Accelerate.framework/Versions/A/Frameworks/vecLib.framework/Versions/A/libLinearAlgebra.dylib
0x000000000213f000 	/System/Library/Frameworks/Accelerate.framework/Versions/A/Frameworks/vecLib.framework/Versions/A/libSparseBLAS.dylib
0x000000000213f000 	/System/Library/PrivateFrameworks/GPUCompiler.framework/libmetal_timestamp.dylib
0x000000000213f000 	/System/Library/Frameworks/OpenGL.framework/Versions/A/Libraries/libCoreFSCache.dylib
0x000000000213f000 	/System/Library/PrivateFrameworks/IOAccelerator.framework/Versions/A/IOAccelerator
0x000000000213f000 	/System/Library/Frameworks/ApplicationServices.framework/Versions/A/Frameworks/ATS.framework/Versions/A/Resources/libFontParser.dylib
0x000000000213f000 	/System/Library/Frameworks/ApplicationServices.framework/Versions/A/Frameworks/ATS.framework/Versions/A/Resources/libFontRegistry.dylib
0x000000000213f000 	/System/Library/PrivateFrameworks/AppleVPA.framework/Versions/A/AppleVPA
0x000000000213f000 	/System/Library/PrivateFrameworks/AppleJPEG.framework/Versions/A/AppleJPEG
0x000000000213f000 	/System/Library/Frameworks/ImageIO.framework/Versions/A/Resources/libJPEG.dylib
0x000000000213f000 	/System/Library/Frameworks/ImageIO.framework/Versions/A/Resources/libTIFF.dylib
0x000000000213f000 	/System/Library/Frameworks/ImageIO.framework/Versions/A/Resources/libPng.dylib
0x000000000213f000 	/System/Library/Frameworks/ImageIO.framework/Versions/A/Resources/libGIF.dylib
0x000000000213f000 	/System/Library/Frameworks/ImageIO.framework/Versions/A/Resources/libJP2.dylib
0x000000000213f000 	/System/Library/Frameworks/ImageIO.framework/Versions/A/Resources/libRadiance.dylib
0x000000000213f000 	/System/Library/Frameworks/CoreVideo.framework/Versions/A/CoreVideo
0x000000000213f000 	/System/Library/Frameworks/OpenGL.framework/Versions/A/Libraries/libGLU.dylib
0x000000000213f000 	/System/Library/Frameworks/OpenGL.framework/Versions/A/Libraries/libGFXShared.dylib
0x000000000213f000 	/System/Library/Frameworks/OpenGL.framework/Versions/A/Libraries/libGL.dylib
0x000000000213f000 	/System/Library/Frameworks/OpenGL.framework/Versions/A/Libraries/libGLImage.dylib
0x000000000213f000 	/System/Library/Frameworks/OpenGL.framework/Versions/A/Libraries/libCVMSPluginSupport.dylib
0x000000000213f000 	/System/Library/Frameworks/OpenGL.framework/Versions/A/Libraries/libCoreVMClient.dylib
0x000000000213f000 	/usr/lib/libcups.2.dylib
0x000000000213f000 	/System/Library/Frameworks/Kerberos.framework/Versions/A/Kerberos
0x000000000213f000 	/System/Library/Frameworks/GSS.framework/Versions/A/GSS
0x000000000213f000 	/usr/lib/libresolv.9.dylib
0x000000000213f000 	/usr/lib/libiconv.2.dylib
0x000000000213f000 	/System/Library/PrivateFrameworks/Heimdal.framework/Versions/A/Heimdal
0x000000000213f000 	/usr/lib/libheimdal-asn1.dylib
0x000000000213f000 	/System/Library/Frameworks/OpenDirectory.framework/Versions/A/OpenDirectory
0x000000000213f000 	/System/Library/PrivateFrameworks/CommonAuth.framework/Versions/A/CommonAuth
0x000000000213f000 	/System/Library/Frameworks/OpenDirectory.framework/Versions/A/Frameworks/CFOpenDirectory.framework/Versions/A/CFOpenDirectory
0x000000000213f000 	/System/Library/Frameworks/SecurityFoundation.framework/Versions/A/SecurityFoundation
0x000000000213f000 	/System/Library/PrivateFrameworks/LanguageModeling.framework/Versions/A/LanguageModeling
0x000000000213f000 	/usr/lib/libmarisa.dylib
0x000000000213f000 	/usr/lib/libChineseTokenizer.dylib
0x000000000213f000 	/usr/lib/libcmph.dylib
0x000000000213f000 	/usr/lib/libcompression.dylib
0x000000000213f000 	/System/Library/Frameworks/ServiceManagement.framework/Versions/A/ServiceManagement
0x000000000213f000 	/usr/lib/libxslt.1.dylib
0x000000000213f000 	/System/Library/Frameworks/Carbon.framework/Versions/A/Frameworks/Ink.framework/Versions/A/Ink
0x000000000213f000 	/usr/lib/libFosl_dynamic.dylib
0x000000000213f000 	/System/Library/PrivateFrameworks/FaceCore.framework/Versions/A/FaceCore
0x000000000213f000 	/System/Library/Frameworks/OpenCL.framework/Versions/A/OpenCL
0x000000000213f000 	/System/Library/PrivateFrameworks/CrashReporterSupport.framework/Versions/A/CrashReporterSupport
0x000000000213f000 	/System/Library/PrivateFrameworks/IconServices.framework/Versions/A/IconServices
0x000000000213f000 	/System/Library/PrivateFrameworks/Apple80211.framework/Versions/A/Apple80211
0x000000000213f000 	/System/Library/Frameworks/CoreWLAN.framework/Versions/A/CoreWLAN
0x000000000213f000 	/System/Library/Frameworks/IOBluetooth.framework/Versions/A/IOBluetooth
0x000000000213f000 	/System/Library/PrivateFrameworks/CoreWiFi.framework/Versions/A/CoreWiFi
0x000000000213f000 	/System/Library/Frameworks/CoreBluetooth.framework/Versions/A/CoreBluetooth
0x000000000213f000 	/System/Library/PrivateFrameworks/ChunkingLibrary.framework/Versions/A/ChunkingLibrary
0x000000000213f000 	/System/Library/PrivateFrameworks/DebugSymbols.framework/Versions/A/DebugSymbols
0x000000000213f000 	/System/Library/PrivateFrameworks/CoreSymbolication.framework/Versions/A/CoreSymbolication
0x000000000213f000 	/System/Library/PrivateFrameworks/Symbolication.framework/Versions/A/Symbolication
0x000000000213f000 	/System/Library/PrivateFrameworks/SpeechRecognitionCore.framework/Versions/A/SpeechRecognitionCore
0x000000010ae00000 	/Library/Java/JavaVirtualMachines/jdk1.7.0_55.jdk/Contents/Home/jre/lib/server/libjvm.dylib
0x000000000213f000 	/usr/lib/libstdc++.6.dylib
0x0000000109c42000 	/Library/Java/JavaVirtualMachines/jdk1.7.0_55.jdk/Contents/Home/jre/lib/libverify.dylib
0x0000000109c4f000 	/Library/Java/JavaVirtualMachines/jdk1.7.0_55.jdk/Contents/Home/jre/lib/libjava.dylib
0x0000000109c89000 	/Library/Java/JavaVirtualMachines/jdk1.7.0_55.jdk/Contents/Home/jre/lib/libzip.dylib
0x00000001135e1000 	/System/Library/Frameworks/JavaVM.framework/Frameworks/JavaRuntimeSupport.framework/JavaRuntimeSupport
0x00000001135fc000 	/System/Library/Frameworks/JavaVM.framework/Versions/A/Frameworks/JavaNativeFoundation.framework/Versions/A/JavaNativeFoundation
0x0000000109dec000 	/System/Library/Frameworks/JavaVM.framework/Versions/A/JavaVM
0x000000000213f000 	/System/Library/Frameworks/Carbon.framework/Versions/A/Carbon
0x0000000113611000 	/System/Library/PrivateFrameworks/JavaLaunching.framework/Versions/A/JavaLaunching
0x000000000213f000 	/System/Library/Frameworks/Carbon.framework/Versions/A/Frameworks/CommonPanels.framework/Versions/A/CommonPanels
0x000000000213f000 	/System/Library/Frameworks/Carbon.framework/Versions/A/Frameworks/Help.framework/Versions/A/Help
0x000000000213f000 	/System/Library/Frameworks/Carbon.framework/Versions/A/Frameworks/ImageCapture.framework/Versions/A/ImageCapture
0x000000000213f000 	/System/Library/Frameworks/Carbon.framework/Versions/A/Frameworks/OpenScripting.framework/Versions/A/OpenScripting
0x000000000213f000 	/System/Library/Frameworks/Carbon.framework/Versions/A/Frameworks/Print.framework/Versions/A/Print
0x000000000213f000 	/System/Library/Frameworks/Carbon.framework/Versions/A/Frameworks/SecurityHI.framework/Versions/A/SecurityHI
0x000000011510c000 	/Library/Java/JavaVirtualMachines/jdk1.7.0_55.jdk/Contents/Home/jre/lib/libnet.dylib
0x0000000115169000 	/Library/Java/JavaVirtualMachines/jdk1.7.0_55.jdk/Contents/Home/jre/lib/libnio.dylib
0x0000000115178000 	/Users/sic/.gradle/native/19/osx-amd64/libnative-platform.dylib
0x00000001155ce000 	/Library/Java/JavaVirtualMachines/jdk1.7.0_55.jdk/Contents/Home/jre/lib/libmanagement.dylib
0x000000011562a000 	/Library/Java/JavaVirtualMachines/jdk1.7.0_55.jdk/Contents/Home/jre/lib/libsunec.dylib

VM Arguments:
jvm_args: -XX:MaxPermSize=256m -XX:+HeapDumpOnOutOfMemoryError -Xmx1024m -Dfile.encoding=UTF-8 -Duser.country=US -Duser.language=en -Duser.variant 
java_command: org.gradle.launcher.daemon.bootstrap.GradleDaemon 2.4 /Users/sic/.gradle /Users/sic/.gradle/daemon 10800000 fadc4e1f-9754-4afc-9cfc-93c0098872b4 -XX:MaxPermSize=256m -XX:+HeapDumpOnOutOfMemoryError -Xmx1024m -Dfile.encoding=UTF-8 -Duser.country=US -Duser.language=en -Duser.variant
Launcher Type: SUN_STANDARD

Environment Variables:
PATH=/usr/bin:/bin:/usr/sbin:/sbin
SHELL=/bin/bash
DISPLAY=/private/tmp/com.apple.launchd.Cmnx9tOpKW/org.macosforge.xquartz:0

Signal Handlers:
SIGSEGV: [libjvm.dylib+0x5253e5], sa_mask[0]=0xfffefeff, sa_flags=0x00000043
SIGBUS: [libjvm.dylib+0x5253e5], sa_mask[0]=0xfffefeff, sa_flags=0x00000042
SIGFPE: [libjvm.dylib+0x4188a2], sa_mask[0]=0xfffefeff, sa_flags=0x00000042
SIGPIPE: [libjvm.dylib+0x4188a2], sa_mask[0]=0xfffefeff, sa_flags=0x00000042
SIGXFSZ: [libjvm.dylib+0x4188a2], sa_mask[0]=0xfffefeff, sa_flags=0x00000042
SIGILL: [libjvm.dylib+0x4188a2], sa_mask[0]=0xfffefeff, sa_flags=0x00000042
SIGUSR1: SIG_DFL, sa_mask[0]=0x00000000, sa_flags=0x00000000
SIGUSR2: [libjvm.dylib+0x418394], sa_mask[0]=0x00000004, sa_flags=0x00000042
SIGHUP: [libjvm.dylib+0x416623], sa_mask[0]=0xfffefeff, sa_flags=0x00000042
SIGINT: [libjvm.dylib+0x416623], sa_mask[0]=0xfffefeff, sa_flags=0x00000042
SIGTERM: [libjvm.dylib+0x416623], sa_mask[0]=0xfffefeff, sa_flags=0x00000042
SIGQUIT: [libjvm.dylib+0x416623], sa_mask[0]=0xfffefeff, sa_flags=0x00000042


---------------  S Y S T E M  ---------------

OS:Bsduname:Darwin 15.0.0 Darwin Kernel Version 15.0.0: Wed Aug 26 16:57:32 PDT 2015; root:xnu-3247.1.106~1/RELEASE_X86_64 x86_64
rlimit: STACK 8192k, CORE 0k, NPROC 709, NOFILE 10240, AS infinity
load average:3.54 3.30 2.99

CPU:total 8 (4 cores per cpu, 2 threads per core) family 6 model 58 stepping 9, cmov, cx8, fxsr, mmx, sse, sse2, sse3, ssse3, sse4.1, sse4.2, popcnt, avx, aes, erms, ht, tsc, tscinvbit, tscinv

Memory: 4k page, physical 8388608k(2097152k free)

/proc/meminfo:


vm_info: Java HotSpot(TM) 64-Bit Server VM (24.55-b03) for bsd-amd64 JRE (1.7.0_55-b13), built on Mar 17 2014 19:40:08 by "java_re" with gcc 4.2.1 (Based on Apple Inc. build 5658) (LLVM build 2336.11.00)

time: Wed Oct  7 01:20:28 2015
elapsed time: 4157 seconds

